running develop
running egg_info
creating my_bot.egg-info
writing my_bot.egg-info/PKG-INFO
writing dependency_links to my_bot.egg-info/dependency_links.txt
writing entry points to my_bot.egg-info/entry_points.txt
writing requirements to my_bot.egg-info/requires.txt
writing top-level names to my_bot.egg-info/top_level.txt
writing manifest file 'my_bot.egg-info/SOURCES.txt'
reading manifest file 'my_bot.egg-info/SOURCES.txt'
writing manifest file 'my_bot.egg-info/SOURCES.txt'
running build_ext
Creating /home/rda-x200/my_ws/src/my_bot/install/my_bot/lib/python3.8/site-packages/site.py
Creating /home/rda-x200/my_ws/src/my_bot/install/my_bot/lib/python3.8/site-packages/my-bot.egg-link (link to .)

Installed /home/rda-x200/my_ws/src/my_bot/build/my_bot
running install_data
creating /home/rda-x200/my_ws/src/my_bot/install/my_bot/share/ament_index
creating /home/rda-x200/my_ws/src/my_bot/install/my_bot/share/ament_index/resource_index
creating /home/rda-x200/my_ws/src/my_bot/install/my_bot/share/ament_index/resource_index/packages
copying resource/my_bot -> /home/rda-x200/my_ws/src/my_bot/install/my_bot/share/ament_index/resource_index/packages
copying package.xml -> /home/rda-x200/my_ws/src/my_bot/install/my_bot/share/my_bot
