[1.167s] Invoking command in '/home/rda-x200/my_ws/src/my_bot/build/my_bot': PYTHONPATH=/home/rda-x200/my_ws/src/my_bot/install/my_bot/lib/python3.8/site-packages:${PYTHONPATH} /usr/bin/python3 setup.py develop --prefix /home/rda-x200/my_ws/src/my_bot/install/my_bot --editable --build-directory /home/rda-x200/my_ws/src/my_bot/build/my_bot/build --no-deps install_data --install-dir /home/rda-x200/my_ws/src/my_bot/install/my_bot
[1.436s] running develop
[1.580s] running egg_info
[1.580s] creating my_bot.egg-info
[1.580s] writing my_bot.egg-info/PKG-INFO
[1.580s] writing dependency_links to my_bot.egg-info/dependency_links.txt
[1.580s] writing entry points to my_bot.egg-info/entry_points.txt
[1.580s] writing requirements to my_bot.egg-info/requires.txt
[1.580s] writing top-level names to my_bot.egg-info/top_level.txt
[1.585s] writing manifest file 'my_bot.egg-info/SOURCES.txt'
[1.630s] reading manifest file 'my_bot.egg-info/SOURCES.txt'
[1.631s] writing manifest file 'my_bot.egg-info/SOURCES.txt'
[1.679s] running build_ext
[1.680s] Creating /home/rda-x200/my_ws/src/my_bot/install/my_bot/lib/python3.8/site-packages/site.py
[1.683s] Creating /home/rda-x200/my_ws/src/my_bot/install/my_bot/lib/python3.8/site-packages/my-bot.egg-link (link to .)
[1.683s] 
[1.683s] Installed /home/rda-x200/my_ws/src/my_bot/build/my_bot
[1.684s] running install_data
[1.684s] creating /home/rda-x200/my_ws/src/my_bot/install/my_bot/share/ament_index
[1.684s] creating /home/rda-x200/my_ws/src/my_bot/install/my_bot/share/ament_index/resource_index
[1.684s] creating /home/rda-x200/my_ws/src/my_bot/install/my_bot/share/ament_index/resource_index/packages
[1.684s] copying resource/my_bot -> /home/rda-x200/my_ws/src/my_bot/install/my_bot/share/ament_index/resource_index/packages
[1.684s] copying package.xml -> /home/rda-x200/my_ws/src/my_bot/install/my_bot/share/my_bot
[1.743s] Invoked command in '/home/rda-x200/my_ws/src/my_bot/build/my_bot' returned '0': PYTHONPATH=/home/rda-x200/my_ws/src/my_bot/install/my_bot/lib/python3.8/site-packages:${PYTHONPATH} /usr/bin/python3 setup.py develop --prefix /home/rda-x200/my_ws/src/my_bot/install/my_bot --editable --build-directory /home/rda-x200/my_ws/src/my_bot/build/my_bot/build --no-deps install_data --install-dir /home/rda-x200/my_ws/src/my_bot/install/my_bot
