[0.478s] DEBUG:colcon:Command line arguments: ['/usr/bin/colcon', 'build', '--symlink-install', '--event-handlers', 'console_cohesion+', '--base-paths', '/home/rda-x200/my_ws', '--cmake-args', '-DCMAKE_BUILD_TYPE=RelWithDebInfo']
[0.479s] DEBUG:colcon:Parsed command line arguments: Namespace(allow_overriding=[], ament_cmake_args=None, base_paths=['/home/rda-x200/my_ws'], build_base='build', catkin_cmake_args=None, catkin_skip_building_tests=False, cmake_args=['-DCMAKE_BUILD_TYPE=RelWithDebInfo'], cmake_clean_cache=False, cmake_clean_first=False, cmake_force_configure=False, cmake_target=None, cmake_target_skip_unavailable=False, continue_on_error=False, event_handlers=['console_cohesion+'], executor='parallel', ignore_user_meta=False, install_base='install', log_base=None, log_level=None, main=<bound method BuildVerb.main of <colcon_core.verb.build.BuildVerb object at 0x7f20e06320d0>>, merge_install=False, metas=['./colcon.meta'], packages_above=None, packages_above_and_dependencies=None, packages_above_depth=None, packages_end=None, packages_ignore=None, packages_ignore_regex=None, packages_select=None, packages_select_build_failed=False, packages_select_by_dep=None, packages_select_regex=None, packages_select_test_failures=False, packages_skip=None, packages_skip_build_finished=False, packages_skip_by_dep=None, packages_skip_regex=None, packages_skip_test_passed=False, packages_skip_up_to=None, packages_start=None, packages_up_to=None, packages_up_to_regex=None, parallel_workers=5, paths=None, symlink_install=True, test_result_base=None, verb_extension=<colcon_core.verb.build.BuildVerb object at 0x7f20e06320d0>, verb_name='build', verb_parser=<colcon_defaults.argument_parser.defaults.DefaultArgumentsDecorator object at 0x7f20e0632610>)
[0.571s] Level 1:colcon.colcon_core.package_discovery:discover_packages(colcon_meta) check parameters
[0.571s] Level 1:colcon.colcon_core.package_discovery:discover_packages(recursive) check parameters
[0.571s] Level 1:colcon.colcon_core.package_discovery:discover_packages(ignore) check parameters
[0.571s] Level 1:colcon.colcon_core.package_discovery:discover_packages(path) check parameters
[0.571s] Level 1:colcon.colcon_core.package_discovery:discover_packages(recursive) discover
[0.572s] INFO:colcon.colcon_core.package_discovery:Crawling recursively for packages in '/home/rda-x200/my_ws'
[0.572s] Level 1:colcon.colcon_core.package_identification:_identify(/home/rda-x200/my_ws) by extensions ['ignore', 'ignore_ament_install']
[0.572s] Level 1:colcon.colcon_core.package_identification:_identify(/home/rda-x200/my_ws) by extension 'ignore'
[0.572s] Level 1:colcon.colcon_core.package_identification:_identify(/home/rda-x200/my_ws) by extension 'ignore_ament_install'
[0.572s] Level 1:colcon.colcon_core.package_identification:_identify(/home/rda-x200/my_ws) by extensions ['colcon_pkg']
[0.572s] Level 1:colcon.colcon_core.package_identification:_identify(/home/rda-x200/my_ws) by extension 'colcon_pkg'
[0.572s] Level 1:colcon.colcon_core.package_identification:_identify(/home/rda-x200/my_ws) by extensions ['colcon_meta']
[0.572s] Level 1:colcon.colcon_core.package_identification:_identify(/home/rda-x200/my_ws) by extension 'colcon_meta'
[0.572s] Level 1:colcon.colcon_core.package_identification:_identify(/home/rda-x200/my_ws) by extensions ['ros']
[0.572s] Level 1:colcon.colcon_core.package_identification:_identify(/home/rda-x200/my_ws) by extension 'ros'
[0.593s] Level 1:colcon.colcon_core.package_identification:_identify(/home/rda-x200/my_ws) by extensions ['cmake', 'python']
[0.593s] Level 1:colcon.colcon_core.package_identification:_identify(/home/rda-x200/my_ws) by extension 'cmake'
[0.593s] Level 1:colcon.colcon_core.package_identification:_identify(/home/rda-x200/my_ws) by extension 'python'
[0.594s] Level 1:colcon.colcon_core.package_identification:_identify(/home/rda-x200/my_ws) by extensions ['python_setup_py']
[0.594s] Level 1:colcon.colcon_core.package_identification:_identify(/home/rda-x200/my_ws) by extension 'python_setup_py'
[0.594s] Level 1:colcon.colcon_core.package_identification:_identify(/home/rda-x200/my_ws/build) by extensions ['ignore', 'ignore_ament_install']
[0.595s] Level 1:colcon.colcon_core.package_identification:_identify(/home/rda-x200/my_ws/build) by extension 'ignore'
[0.595s] Level 1:colcon.colcon_core.package_identification:_identify(/home/rda-x200/my_ws/build) ignored
[0.595s] Level 1:colcon.colcon_core.package_identification:_identify(/home/rda-x200/my_ws/install) by extensions ['ignore', 'ignore_ament_install']
[0.595s] Level 1:colcon.colcon_core.package_identification:_identify(/home/rda-x200/my_ws/install) by extension 'ignore'
[0.595s] Level 1:colcon.colcon_core.package_identification:_identify(/home/rda-x200/my_ws/install) ignored
[0.596s] Level 1:colcon.colcon_core.package_identification:_identify(/home/rda-x200/my_ws/log) by extensions ['ignore', 'ignore_ament_install']
[0.596s] Level 1:colcon.colcon_core.package_identification:_identify(/home/rda-x200/my_ws/log) by extension 'ignore'
[0.596s] Level 1:colcon.colcon_core.package_identification:_identify(/home/rda-x200/my_ws/log) ignored
[0.597s] Level 1:colcon.colcon_core.package_identification:_identify(/home/rda-x200/my_ws/src) by extensions ['ignore', 'ignore_ament_install']
[0.597s] Level 1:colcon.colcon_core.package_identification:_identify(/home/rda-x200/my_ws/src) by extension 'ignore'
[0.597s] Level 1:colcon.colcon_core.package_identification:_identify(/home/rda-x200/my_ws/src) by extension 'ignore_ament_install'
[0.597s] Level 1:colcon.colcon_core.package_identification:_identify(/home/rda-x200/my_ws/src) by extensions ['colcon_pkg']
[0.597s] Level 1:colcon.colcon_core.package_identification:_identify(/home/rda-x200/my_ws/src) by extension 'colcon_pkg'
[0.597s] Level 1:colcon.colcon_core.package_identification:_identify(/home/rda-x200/my_ws/src) by extensions ['colcon_meta']
[0.597s] Level 1:colcon.colcon_core.package_identification:_identify(/home/rda-x200/my_ws/src) by extension 'colcon_meta'
[0.597s] Level 1:colcon.colcon_core.package_identification:_identify(/home/rda-x200/my_ws/src) by extensions ['ros']
[0.597s] Level 1:colcon.colcon_core.package_identification:_identify(/home/rda-x200/my_ws/src) by extension 'ros'
[0.597s] Level 1:colcon.colcon_core.package_identification:_identify(/home/rda-x200/my_ws/src) by extensions ['cmake', 'python']
[0.597s] Level 1:colcon.colcon_core.package_identification:_identify(/home/rda-x200/my_ws/src) by extension 'cmake'
[0.597s] Level 1:colcon.colcon_core.package_identification:_identify(/home/rda-x200/my_ws/src) by extension 'python'
[0.597s] Level 1:colcon.colcon_core.package_identification:_identify(/home/rda-x200/my_ws/src) by extensions ['python_setup_py']
[0.597s] Level 1:colcon.colcon_core.package_identification:_identify(/home/rda-x200/my_ws/src) by extension 'python_setup_py'
[0.597s] Level 1:colcon.colcon_core.package_identification:_identify(/home/rda-x200/my_ws/src/my_bot) by extensions ['ignore', 'ignore_ament_install']
[0.598s] Level 1:colcon.colcon_core.package_identification:_identify(/home/rda-x200/my_ws/src/my_bot) by extension 'ignore'
[0.598s] Level 1:colcon.colcon_core.package_identification:_identify(/home/rda-x200/my_ws/src/my_bot) by extension 'ignore_ament_install'
[0.598s] Level 1:colcon.colcon_core.package_identification:_identify(/home/rda-x200/my_ws/src/my_bot) by extensions ['colcon_pkg']
[0.598s] Level 1:colcon.colcon_core.package_identification:_identify(/home/rda-x200/my_ws/src/my_bot) by extension 'colcon_pkg'
[0.598s] Level 1:colcon.colcon_core.package_identification:_identify(/home/rda-x200/my_ws/src/my_bot) by extensions ['colcon_meta']
[0.598s] Level 1:colcon.colcon_core.package_identification:_identify(/home/rda-x200/my_ws/src/my_bot) by extension 'colcon_meta'
[0.598s] Level 1:colcon.colcon_core.package_identification:_identify(/home/rda-x200/my_ws/src/my_bot) by extensions ['ros']
[0.598s] Level 1:colcon.colcon_core.package_identification:_identify(/home/rda-x200/my_ws/src/my_bot) by extension 'ros'
[0.607s] DEBUG:colcon.colcon_core.package_identification:Package '/home/rda-x200/my_ws/src/my_bot' with type 'ros.ament_python' and name 'my_bot'
[0.607s] Level 1:colcon.colcon_core.package_discovery:discover_packages(recursive) using defaults
[0.677s] Level 1:colcon.colcon_core.package_discovery:discover_packages(prefix_path) check parameters
[0.678s] Level 1:colcon.colcon_core.package_discovery:discover_packages(prefix_path) discover
[0.690s] DEBUG:colcon.colcon_installed_package_information.package_discovery:Found 1 installed packages in /home/rda-x200/my_ws/install
[0.695s] DEBUG:colcon.colcon_installed_package_information.package_discovery:Found 3 installed packages in /home/rda-x200/rda_ws/install
[0.700s] DEBUG:colcon.colcon_installed_package_information.package_discovery:Found 315 installed packages in /opt/ros/foxy
[0.703s] Level 1:colcon.colcon_core.package_discovery:discover_packages(prefix_path) using defaults
[0.990s] Level 5:colcon.colcon_core.verb:set package 'my_bot' build argument 'cmake_args' from command line to '['-DCMAKE_BUILD_TYPE=RelWithDebInfo']'
[0.990s] Level 5:colcon.colcon_core.verb:set package 'my_bot' build argument 'cmake_target' from command line to 'None'
[0.990s] Level 5:colcon.colcon_core.verb:set package 'my_bot' build argument 'cmake_target_skip_unavailable' from command line to 'False'
[0.990s] Level 5:colcon.colcon_core.verb:set package 'my_bot' build argument 'cmake_clean_cache' from command line to 'False'
[0.990s] Level 5:colcon.colcon_core.verb:set package 'my_bot' build argument 'cmake_clean_first' from command line to 'False'
[0.990s] Level 5:colcon.colcon_core.verb:set package 'my_bot' build argument 'cmake_force_configure' from command line to 'False'
[0.990s] Level 5:colcon.colcon_core.verb:set package 'my_bot' build argument 'ament_cmake_args' from command line to 'None'
[0.990s] Level 5:colcon.colcon_core.verb:set package 'my_bot' build argument 'catkin_cmake_args' from command line to 'None'
[0.990s] Level 5:colcon.colcon_core.verb:set package 'my_bot' build argument 'catkin_skip_building_tests' from command line to 'False'
[0.990s] DEBUG:colcon.colcon_core.verb:Building package 'my_bot' with the following arguments: {'ament_cmake_args': None, 'build_base': '/home/rda-x200/my_ws/src/my_bot/build/my_bot', 'catkin_cmake_args': None, 'catkin_skip_building_tests': False, 'cmake_args': ['-DCMAKE_BUILD_TYPE=RelWithDebInfo'], 'cmake_clean_cache': False, 'cmake_clean_first': False, 'cmake_force_configure': False, 'cmake_target': None, 'cmake_target_skip_unavailable': False, 'install_base': '/home/rda-x200/my_ws/src/my_bot/install/my_bot', 'merge_install': False, 'path': '/home/rda-x200/my_ws/src/my_bot', 'symlink_install': True, 'test_result_base': None}
[0.991s] INFO:colcon.colcon_core.executor:Executing jobs using 'parallel' executor
[0.996s] DEBUG:colcon.colcon_parallel_executor.executor.parallel:run_until_complete
[0.996s] INFO:colcon.colcon_ros.task.ament_python.build:Building ROS package in '/home/rda-x200/my_ws/src/my_bot' with build type 'ament_python'
[0.996s] Level 1:colcon.colcon_core.shell:create_environment_hook('my_bot', 'ament_prefix_path')
[1.017s] INFO:colcon.colcon_core.plugin_system:Skipping extension 'colcon_core.shell.bat': Not used on non-Windows systems
[1.017s] INFO:colcon.colcon_core.shell:Creating environment hook '/home/rda-x200/my_ws/src/my_bot/install/my_bot/share/my_bot/hook/ament_prefix_path.ps1'
[1.026s] INFO:colcon.colcon_core.shell:Creating environment descriptor '/home/rda-x200/my_ws/src/my_bot/install/my_bot/share/my_bot/hook/ament_prefix_path.dsv'
[1.027s] INFO:colcon.colcon_core.shell:Creating environment hook '/home/rda-x200/my_ws/src/my_bot/install/my_bot/share/my_bot/hook/ament_prefix_path.sh'
[1.030s] INFO:colcon.colcon_core.shell:Skip shell extension 'powershell' for command environment: Not usable outside of PowerShell
[1.030s] DEBUG:colcon.colcon_core.shell:Skip shell extension 'dsv' for command environment
[1.344s] INFO:colcon.colcon_core.task.python.build:Building Python package in '/home/rda-x200/my_ws/src/my_bot'
[1.346s] INFO:colcon.colcon_core.shell:Skip shell extension 'powershell' for command environment: Not usable outside of PowerShell
[1.346s] DEBUG:colcon.colcon_core.shell:Skip shell extension 'dsv' for command environment
[2.165s] DEBUG:colcon.colcon_core.event_handler.log_command:Invoking command in '/home/rda-x200/my_ws/src/my_bot/build/my_bot': PYTHONPATH=/home/rda-x200/my_ws/src/my_bot/install/my_bot/lib/python3.8/site-packages:${PYTHONPATH} /usr/bin/python3 setup.py develop --prefix /home/rda-x200/my_ws/src/my_bot/install/my_bot --editable --build-directory /home/rda-x200/my_ws/src/my_bot/build/my_bot/build --no-deps install_data --install-dir /home/rda-x200/my_ws/src/my_bot/install/my_bot
[2.739s] Level 1:colcon.colcon_core.shell:create_environment_hook('my_bot', 'pythonpath_develop')
[2.740s] DEBUG:colcon.colcon_core.event_handler.log_command:Invoked command in '/home/rda-x200/my_ws/src/my_bot/build/my_bot' returned '0': PYTHONPATH=/home/rda-x200/my_ws/src/my_bot/install/my_bot/lib/python3.8/site-packages:${PYTHONPATH} /usr/bin/python3 setup.py develop --prefix /home/rda-x200/my_ws/src/my_bot/install/my_bot --editable --build-directory /home/rda-x200/my_ws/src/my_bot/build/my_bot/build --no-deps install_data --install-dir /home/rda-x200/my_ws/src/my_bot/install/my_bot
[2.743s] INFO:colcon.colcon_core.shell:Creating environment hook '/home/rda-x200/my_ws/src/my_bot/build/my_bot/share/my_bot/hook/pythonpath_develop.ps1'
[2.744s] INFO:colcon.colcon_core.shell:Creating environment descriptor '/home/rda-x200/my_ws/src/my_bot/build/my_bot/share/my_bot/hook/pythonpath_develop.dsv'
[2.745s] INFO:colcon.colcon_core.shell:Creating environment hook '/home/rda-x200/my_ws/src/my_bot/build/my_bot/share/my_bot/hook/pythonpath_develop.sh'
[2.764s] Level 1:colcon.colcon_core.environment:checking '/home/rda-x200/my_ws/src/my_bot/install/my_bot' for CMake module files
[2.765s] Level 1:colcon.colcon_core.environment:checking '/home/rda-x200/my_ws/src/my_bot/install/my_bot' for CMake config files
[2.766s] Level 1:colcon.colcon_core.environment:checking '/home/rda-x200/my_ws/src/my_bot/install/my_bot/lib'
[2.767s] Level 1:colcon.colcon_core.environment:checking '/home/rda-x200/my_ws/src/my_bot/install/my_bot/bin'
[2.767s] Level 1:colcon.colcon_core.environment:checking '/home/rda-x200/my_ws/src/my_bot/install/my_bot/lib/pkgconfig/my_bot.pc'
[2.767s] Level 1:colcon.colcon_core.environment:checking '/home/rda-x200/my_ws/src/my_bot/install/my_bot/lib/python3.8/site-packages'
[2.768s] Level 1:colcon.colcon_core.shell:create_environment_hook('my_bot', 'pythonpath')
[2.770s] INFO:colcon.colcon_core.shell:Creating environment hook '/home/rda-x200/my_ws/src/my_bot/install/my_bot/share/my_bot/hook/pythonpath.ps1'
[2.771s] INFO:colcon.colcon_core.shell:Creating environment descriptor '/home/rda-x200/my_ws/src/my_bot/install/my_bot/share/my_bot/hook/pythonpath.dsv'
[2.771s] INFO:colcon.colcon_core.shell:Creating environment hook '/home/rda-x200/my_ws/src/my_bot/install/my_bot/share/my_bot/hook/pythonpath.sh'
[2.772s] Level 1:colcon.colcon_core.environment:checking '/home/rda-x200/my_ws/src/my_bot/install/my_bot/bin'
[2.772s] Level 1:colcon.colcon_core.environment:create_environment_scripts_only(my_bot)
[2.774s] INFO:colcon.colcon_core.shell:Creating package script '/home/rda-x200/my_ws/src/my_bot/install/my_bot/share/my_bot/package.ps1'
[2.776s] INFO:colcon.colcon_core.shell:Creating package descriptor '/home/rda-x200/my_ws/src/my_bot/install/my_bot/share/my_bot/package.dsv'
[2.777s] INFO:colcon.colcon_core.shell:Creating package script '/home/rda-x200/my_ws/src/my_bot/install/my_bot/share/my_bot/package.sh'
[2.779s] INFO:colcon.colcon_core.shell:Creating package script '/home/rda-x200/my_ws/src/my_bot/install/my_bot/share/my_bot/package.bash'
[2.780s] INFO:colcon.colcon_core.shell:Creating package script '/home/rda-x200/my_ws/src/my_bot/install/my_bot/share/my_bot/package.zsh'
[2.782s] Level 1:colcon.colcon_core.environment:create_file_with_runtime_dependencies(/home/rda-x200/my_ws/src/my_bot/install/my_bot/share/colcon-core/packages/my_bot)
[2.783s] DEBUG:colcon.colcon_parallel_executor.executor.parallel:closing loop
[2.783s] DEBUG:colcon.colcon_parallel_executor.executor.parallel:loop closed
[2.783s] DEBUG:colcon.colcon_parallel_executor.executor.parallel:run_until_complete finished with '0'
[2.783s] DEBUG:colcon.colcon_core.event_reactor:joining thread
[2.798s] INFO:colcon.colcon_core.plugin_system:Skipping extension 'colcon_notification.desktop_notification.terminal_notifier': Not used on non-Darwin systems
[2.798s] INFO:colcon.colcon_core.plugin_system:Skipping extension 'colcon_notification.desktop_notification.win32': Not used on non-Windows systems
[2.798s] INFO:colcon.colcon_notification.desktop_notification:Sending desktop notification using 'notify2'
[2.832s] DEBUG:colcon.colcon_core.event_reactor:joined thread
[2.834s] INFO:colcon.colcon_core.shell:Creating prefix script '/home/rda-x200/my_ws/src/my_bot/install/local_setup.ps1'
[2.836s] INFO:colcon.colcon_core.shell:Creating prefix util module '/home/rda-x200/my_ws/src/my_bot/install/_local_setup_util_ps1.py'
[2.845s] INFO:colcon.colcon_core.shell:Creating prefix chain script '/home/rda-x200/my_ws/src/my_bot/install/setup.ps1'
[2.850s] INFO:colcon.colcon_core.shell:Creating prefix script '/home/rda-x200/my_ws/src/my_bot/install/local_setup.sh'
[2.852s] INFO:colcon.colcon_core.shell:Creating prefix util module '/home/rda-x200/my_ws/src/my_bot/install/_local_setup_util_sh.py'
[2.853s] INFO:colcon.colcon_core.shell:Creating prefix chain script '/home/rda-x200/my_ws/src/my_bot/install/setup.sh'
[2.856s] INFO:colcon.colcon_core.shell:Creating prefix script '/home/rda-x200/my_ws/src/my_bot/install/local_setup.bash'
[2.857s] INFO:colcon.colcon_core.shell:Creating prefix chain script '/home/rda-x200/my_ws/src/my_bot/install/setup.bash'
[2.860s] INFO:colcon.colcon_core.shell:Creating prefix script '/home/rda-x200/my_ws/src/my_bot/install/local_setup.zsh'
[2.862s] INFO:colcon.colcon_core.shell:Creating prefix chain script '/home/rda-x200/my_ws/src/my_bot/install/setup.zsh'
